<?xml version="1.0" encoding="UTF-8" ?>
<testsuite failures="0" time="0.006" errors="0" skipped="0" tests="4" name="org.cadian.properties.query.SimplePropertyQueryTest">
  <properties>
[...]
</properties>
  <testcase time="0" classname="org.cadian.properties.query.SimplePropertyQueryTest" name="testGetClassRelative"/>
  <testcase time="0" classname="org.cadian.properties.query.SimplePropertyQueryTest" name="testGetNonClassRelative"/>
  <testcase time="0" classname="org.cadian.properties.query.SimplePropertyQueryTest" name="testDefaultValue"/>
  <testcase time="0" classname="org.cadian.properties.query.SimplePropertyQueryTest" name="testNoFallback"/>
</testsuite>